<?xml version="1.0" encoding="UTF-8"?>
<!-- Generated by org.testng.reporters.JUnitReportReporter -->
<testsuite hostname="DESKTOP-SOJ165K" name="qaclickacademy.AppiumTest" tests="2" failures="0" timestamp="24 Jul 2019 03:42:53 GMT" time="0.137" errors="0">
  <testcase name="AndroidApp" time="0.117" classname="qaclickacademy.AppiumTest"/>
  <testcase name="IOSApp" time="0.020" classname="qaclickacademy.AppiumTest"/>
</testsuite> <!-- qaclickacademy.AppiumTest -->
