<?xml version="1.0" encoding="UTF-8"?>
<!-- Generated by org.testng.reporters.JUnitReportReporter -->
<testsuite hostname="DESKTOP-SOJ165K" name="qaclickacademy.SeleniumTest" tests="2" failures="0" timestamp="24 Jul 2019 03:42:53 GMT" time="0.020" errors="0">
  <testcase name="BrowserAutomation" time="0.006" classname="qaclickacademy.SeleniumTest"/>
  <testcase name="MobileAutomation" time="0.014" classname="qaclickacademy.SeleniumTest"/>
</testsuite> <!-- qaclickacademy.SeleniumTest -->
