<?xml version="1.0" encoding="UTF-8"?>
<!-- Generated by org.testng.reporters.JUnitReportReporter -->
<testsuite hostname="DESKTOP-SOJ165K" name="qaclickacademy.RestApiTest" tests="2" failures="0" timestamp="24 Jul 2019 03:42:53 GMT" time="0.013" errors="0">
  <testcase name="PostJira" time="0.006" classname="qaclickacademy.RestApiTest"/>
  <testcase name="DeleteTwitter" time="0.007" classname="qaclickacademy.RestApiTest"/>
</testsuite> <!-- qaclickacademy.RestApiTest -->
