<?xml version="1.0" encoding="UTF-8"?>
<!-- Generated by org.testng.reporters.JUnitReportReporter -->
<testsuite hostname="DESKTOP-SOJ165K" name="qaclickacademy.AppiumTest" tests="2" failures="0" timestamp="24 Jul 2019 04:06:40 GMT" time="0.002" errors="0">
  <testcase name="IOSApp" time="0.001" classname="qaclickacademy.AppiumTest"/>
  <testcase name="AndroidApp" time="0.001" classname="qaclickacademy.AppiumTest"/>
</testsuite> <!-- qaclickacademy.AppiumTest -->
