<?xml version="1.0" encoding="UTF-8"?>
<!-- Generated by org.testng.reporters.JUnitReportReporter -->
<testsuite hostname="DESKTOP-SOJ165K" name="qaclickacademy.RestApiTest" tests="2" failures="0" timestamp="24 Jul 2019 04:06:40 GMT" time="0.022" errors="0">
  <testcase name="PostJira" time="0.001" classname="qaclickacademy.RestApiTest"/>
  <testcase name="DeleteTwitter" time="0.021" classname="qaclickacademy.RestApiTest"/>
</testsuite> <!-- qaclickacademy.RestApiTest -->
